E:\LeVanSon\training JetDrive\Win32\Win32Exc\DataModel\DataModel\Debug\cl.command.1.tlog
E:\LeVanSon\training JetDrive\Win32\Win32Exc\DataModel\DataModel\Debug\CL.read.1.tlog
E:\LeVanSon\training JetDrive\Win32\Win32Exc\DataModel\DataModel\Debug\CL.write.1.tlog
E:\LEVANSON\TRAINING JETDRIVE\WIN32\WIN32EXC\DATAMODEL\DATAMODEL\DEBUG\DATAMODEL.DLL.EMBED.MANIFEST
E:\LEVANSON\TRAINING JETDRIVE\WIN32\WIN32EXC\DATAMODEL\DATAMODEL\DEBUG\DATAMODEL.DLL.EMBED.MANIFEST.RES
E:\LEVANSON\TRAINING JETDRIVE\WIN32\WIN32EXC\DATAMODEL\DATAMODEL\DEBUG\DATAMODEL.DLL.INTERMEDIATE.MANIFEST
E:\LEVANSON\TRAINING JETDRIVE\WIN32\WIN32EXC\DATAMODEL\DATAMODEL\DEBUG\DATAMODEL.OBJ
E:\LEVANSON\TRAINING JETDRIVE\WIN32\WIN32EXC\DATAMODEL\DATAMODEL\DEBUG\DATAMODEL.PCH
E:\LeVanSon\training JetDrive\Win32\Win32Exc\DataModel\DataModel\Debug\DataModel.vcxprojResolveAssemblyReference.cache
E:\LeVanSon\training JetDrive\Win32\Win32Exc\DataModel\DataModel\Debug\DataModel.write.1.tlog
E:\LeVanSon\training JetDrive\Win32\Win32Exc\DataModel\DataModel\Debug\DataModel_manifest.rc
E:\LEVANSON\TRAINING JETDRIVE\WIN32\WIN32EXC\DATAMODEL\DATAMODEL\DEBUG\DLLMAIN.OBJ
E:\LeVanSon\training JetDrive\Win32\Win32Exc\DataModel\DataModel\Debug\link.13240.read.1.tlog
E:\LeVanSon\training JetDrive\Win32\Win32Exc\DataModel\DataModel\Debug\link.13240.write.1.tlog
E:\LeVanSon\training JetDrive\Win32\Win32Exc\DataModel\DataModel\Debug\link.13240-cvtres.read.1.tlog
E:\LeVanSon\training JetDrive\Win32\Win32Exc\DataModel\DataModel\Debug\link.13240-cvtres.write.1.tlog
E:\LeVanSon\training JetDrive\Win32\Win32Exc\DataModel\DataModel\Debug\link.13828.read.1.tlog
E:\LeVanSon\training JetDrive\Win32\Win32Exc\DataModel\DataModel\Debug\link.13828.write.1.tlog
E:\LeVanSon\training JetDrive\Win32\Win32Exc\DataModel\DataModel\Debug\link.13828-cvtres.read.1.tlog
E:\LeVanSon\training JetDrive\Win32\Win32Exc\DataModel\DataModel\Debug\link.13828-cvtres.write.1.tlog
E:\LeVanSon\training JetDrive\Win32\Win32Exc\DataModel\DataModel\Debug\link.4584.read.1.tlog
E:\LeVanSon\training JetDrive\Win32\Win32Exc\DataModel\DataModel\Debug\link.4584.write.1.tlog
E:\LeVanSon\training JetDrive\Win32\Win32Exc\DataModel\DataModel\Debug\link.4584-cvtres.read.1.tlog
E:\LeVanSon\training JetDrive\Win32\Win32Exc\DataModel\DataModel\Debug\link.4584-cvtres.write.1.tlog
E:\LeVanSon\training JetDrive\Win32\Win32Exc\DataModel\DataModel\Debug\link.4676.read.1.tlog
E:\LeVanSon\training JetDrive\Win32\Win32Exc\DataModel\DataModel\Debug\link.4676.write.1.tlog
E:\LeVanSon\training JetDrive\Win32\Win32Exc\DataModel\DataModel\Debug\link.4676-cvtres.read.1.tlog
E:\LeVanSon\training JetDrive\Win32\Win32Exc\DataModel\DataModel\Debug\link.4676-cvtres.write.1.tlog
E:\LeVanSon\training JetDrive\Win32\Win32Exc\DataModel\DataModel\Debug\link.7084.read.1.tlog
E:\LeVanSon\training JetDrive\Win32\Win32Exc\DataModel\DataModel\Debug\link.7084.write.1.tlog
E:\LeVanSon\training JetDrive\Win32\Win32Exc\DataModel\DataModel\Debug\link.7084-cvtres.read.1.tlog
E:\LeVanSon\training JetDrive\Win32\Win32Exc\DataModel\DataModel\Debug\link.7084-cvtres.write.1.tlog
E:\LeVanSon\training JetDrive\Win32\Win32Exc\DataModel\DataModel\Debug\link.command.1.tlog
E:\LeVanSon\training JetDrive\Win32\Win32Exc\DataModel\DataModel\Debug\link.read.1.tlog
E:\LeVanSon\training JetDrive\Win32\Win32Exc\DataModel\DataModel\Debug\link.write.1.tlog
E:\LeVanSon\training JetDrive\Win32\Win32Exc\DataModel\DataModel\Debug\link-cvtres.read.1.tlog
E:\LeVanSon\training JetDrive\Win32\Win32Exc\DataModel\DataModel\Debug\link-cvtres.write.1.tlog
E:\LeVanSon\training JetDrive\Win32\Win32Exc\DataModel\DataModel\Debug\mt.command.1.tlog
E:\LeVanSon\training JetDrive\Win32\Win32Exc\DataModel\DataModel\Debug\mt.read.1.tlog
E:\LeVanSon\training JetDrive\Win32\Win32Exc\DataModel\DataModel\Debug\mt.write.1.tlog
E:\LeVanSon\training JetDrive\Win32\Win32Exc\DataModel\DataModel\Debug\rc.command.1.tlog
E:\LeVanSon\training JetDrive\Win32\Win32Exc\DataModel\DataModel\Debug\rc.read.1.tlog
E:\LeVanSon\training JetDrive\Win32\Win32Exc\DataModel\DataModel\Debug\rc.write.1.tlog
E:\LEVANSON\TRAINING JETDRIVE\WIN32\WIN32EXC\DATAMODEL\DATAMODEL\DEBUG\STDAFX.OBJ
E:\LeVanSon\training JetDrive\Win32\Win32Exc\DataModel\DataModel\Debug\vc100.idb
E:\LEVANSON\TRAINING JETDRIVE\WIN32\WIN32EXC\DATAMODEL\DATAMODEL\DEBUG\VC100.PDB
E:\LEVANSON\TRAINING JETDRIVE\WIN32\WIN32EXC\OBJECTPAINTER\DEBUG\DATAMODEL.DLL
E:\LeVanSon\training JetDrive\Win32\Win32Exc\ObjectPainter\Debug\DataModel.exp
E:\LEVANSON\TRAINING JETDRIVE\WIN32\WIN32EXC\OBJECTPAINTER\DEBUG\DATAMODEL.ILK
E:\LeVanSon\training JetDrive\Win32\Win32Exc\ObjectPainter\Debug\DataModel.lib
E:\LEVANSON\TRAINING JETDRIVE\WIN32\WIN32EXC\OBJECTPAINTER\DEBUG\DATAMODEL.PDB
