E:\LeVanSon\training JetDrive\Win32\Win32Exc\ObjectPainter\Debug\cl.command.1.tlog
E:\LeVanSon\training JetDrive\Win32\Win32Exc\ObjectPainter\Debug\CL.read.1.tlog
E:\LeVanSon\training JetDrive\Win32\Win32Exc\ObjectPainter\Debug\CL.write.1.tlog
E:\LeVanSon\training JetDrive\Win32\Win32Exc\ObjectPainter\Debug\DataModel.exp
E:\LeVanSon\training JetDrive\Win32\Win32Exc\ObjectPainter\Debug\DataModel.ilk
E:\LeVanSon\training JetDrive\Win32\Win32Exc\ObjectPainter\Debug\DataModel.pdb
E:\LeVanSon\training JetDrive\Win32\Win32Exc\ObjectPainter\Debug\FileHandling.exp
E:\LeVanSon\training JetDrive\Win32\Win32Exc\ObjectPainter\Debug\FileHandling.ilk
E:\LeVanSon\training JetDrive\Win32\Win32Exc\ObjectPainter\Debug\FileHandling.pdb
E:\LeVanSon\training JetDrive\Win32\Win32Exc\ObjectPainter\Debug\link.command.1.tlog
E:\LeVanSon\training JetDrive\Win32\Win32Exc\ObjectPainter\Debug\link.read.1.tlog
E:\LeVanSon\training JetDrive\Win32\Win32Exc\ObjectPainter\Debug\link.write.1.tlog
E:\LeVanSon\training JetDrive\Win32\Win32Exc\ObjectPainter\Debug\ObjectPainter.exe.embed.manifest
E:\LEVANSON\TRAINING JETDRIVE\WIN32\WIN32EXC\OBJECTPAINTER\DEBUG\OBJECTPAINTER.EXE.EMBED.MANIFEST.RES
E:\LEVANSON\TRAINING JETDRIVE\WIN32\WIN32EXC\OBJECTPAINTER\DEBUG\OBJECTPAINTER.OBJ
E:\LEVANSON\TRAINING JETDRIVE\WIN32\WIN32EXC\OBJECTPAINTER\DEBUG\OBJECTPAINTER.RES
E:\LeVanSon\training JetDrive\Win32\Win32Exc\ObjectPainter\Debug\ObjectPainter.write.1.tlog
E:\LeVanSon\training JetDrive\Win32\Win32Exc\ObjectPainter\Debug\ObjectPainter_manifest.rc
E:\LeVanSon\training JetDrive\Win32\Win32Exc\ObjectPainter\Debug\rc.command.1.tlog
E:\LeVanSon\training JetDrive\Win32\Win32Exc\ObjectPainter\Debug\rc.read.1.tlog
E:\LeVanSon\training JetDrive\Win32\Win32Exc\ObjectPainter\Debug\rc.write.1.tlog
E:\LeVanSon\training JetDrive\Win32\Win32Exc\ObjectPainter\Debug\vc100.idb
E:\LEVANSON\TRAINING JETDRIVE\WIN32\WIN32EXC\OBJECTPAINTER\DEBUG\VC100.PDB
