Build started 6/2/2021 12:37:38 AM.
     1>Project "E:\LeVanSon\training JetDrive\Win32\Win32Exc\ObjectPainter\W32T1.vcxproj" on node 2 (build target(s)).
     1>InitializeBuildStatus:
         Creating "Debug\ObjectPainter.unsuccessfulbuild" because "AlwaysCreate" was specified.
       ClCompile:
         C:\Program Files (x86)\Microsoft Visual Studio 10.0\VC\bin\CL.exe /c /I"E:\LeVanSon\training JetDrive\Win32\Win32Exc\FileHandling\FileHandling" /I"E:\LeVanSon\training JetDrive\Win32\Win32Exc\DataModel\DataModel" /ZI /nologo /W3 /WX- /Od /Oy- /D WIN32 /D _DEBUG /D _WINDOWS /D _MBCS /Gm /EHsc /RTC1 /MDd /GS /fp:precise /Zc:wchar_t /Zc:forScope /Fo"Debug\\" /Fd"Debug\vc100.pdb" /Gd /TP /analyze- /errorReport:prompt ObjectPainter.cpp
         ObjectPainter.cpp
     1>e:\levanson\training jetdrive\win32\win32exc\objectpainter\objectpainter.cpp(22): warning C4996: 'localtime': This function or variable may be unsafe. Consider using localtime_s instead. To disable deprecation, use _CRT_SECURE_NO_WARNINGS. See online help for details.
                 c:\program files (x86)\microsoft visual studio 10.0\vc\include\time.inl(112) : see declaration of 'localtime'
     1>e:\levanson\training jetdrive\win32\win32exc\objectpainter\objectpainter.cpp(39): warning C4101: 'hIconSm' : unreferenced local variable
       ResourceCompile:
         All outputs are up-to-date.
       ManifestResourceCompile:
         All outputs are up-to-date.
       Link:
         C:\Program Files (x86)\Microsoft Visual Studio 10.0\VC\bin\link.exe /ERRORREPORT:PROMPT /OUT:"E:\LeVanSon\training JetDrive\Win32\Win32Exc\ObjectPainter\Debug\ObjectPainter.exe" /INCREMENTAL /NOLOGO kernel32.lib user32.lib gdi32.lib winspool.lib comdlg32.lib advapi32.lib shell32.lib ole32.lib oleaut32.lib uuid.lib odbc32.lib odbccp32.lib /MANIFEST /ManifestFile:"Debug\ObjectPainter.exe.intermediate.manifest" /MANIFESTUAC:"level='asInvoker' uiAccess='false'" /DEBUG /PDB:"E:\LeVanSon\training JetDrive\Win32\Win32Exc\ObjectPainter\Debug\ObjectPainter.pdb" /SUBSYSTEM:WINDOWS /TLBID:1 /DYNAMICBASE /NXCOMPAT /IMPLIB:"E:\LeVanSon\training JetDrive\Win32\Win32Exc\ObjectPainter\Debug\ObjectPainter.lib" /MACHINE:X86 Debug\ObjectPainter.res
         Debug\ObjectPainter.exe.embed.manifest.res
         Debug\ObjectPainter.obj
         "E:\LeVanSon\training JetDrive\Win32\Win32Exc\ObjectPainter\Debug\DataModel.lib"
         "E:\LeVanSon\training JetDrive\Win32\Win32Exc\ObjectPainter\Debug\FileHandling.lib"
       Manifest:
         C:\Program Files (x86)\Microsoft SDKs\Windows\v7.0A\bin\mt.exe /nologo /verbose /out:"Debug\ObjectPainter.exe.embed.manifest" /manifest Debug\ObjectPainter.exe.intermediate.manifest
         All outputs are up-to-date.
       LinkEmbedManifest:
         All outputs are up-to-date.
         W32T1.vcxproj -> E:\LeVanSon\training JetDrive\Win32\Win32Exc\ObjectPainter\Debug\ObjectPainter.exe
       FinalizeBuildStatus:
         Deleting file "Debug\ObjectPainter.unsuccessfulbuild".
         Touching "Debug\ObjectPainter.lastbuildstate".
     1>Done Building Project "E:\LeVanSon\training JetDrive\Win32\Win32Exc\ObjectPainter\W32T1.vcxproj" (build target(s)).

Build succeeded.

Time Elapsed 00:00:01.68
