E:\LEVANSON\TRAINING JETDRIVE\WIN32\WIN32EXC\DATAMODEL\DEBUG\W32T1.EXE
E:\LEVANSON\TRAINING JETDRIVE\WIN32\WIN32EXC\DATAMODEL\DEBUG\W32T1.ILK
E:\LEVANSON\TRAINING JETDRIVE\WIN32\WIN32EXC\DATAMODEL\DEBUG\W32T1.PDB
E:\LeVanSon\training JetDrive\Win32\Win32Exc\W32T1\Debug\cl.command.1.tlog
E:\LeVanSon\training JetDrive\Win32\Win32Exc\W32T1\Debug\CL.read.1.tlog
E:\LeVanSon\training JetDrive\Win32\Win32Exc\W32T1\Debug\CL.write.1.tlog
E:\LeVanSon\training JetDrive\Win32\Win32Exc\W32T1\Debug\link.15052.read.1.tlog
E:\LeVanSon\training JetDrive\Win32\Win32Exc\W32T1\Debug\link.15052.write.1.tlog
E:\LeVanSon\training JetDrive\Win32\Win32Exc\W32T1\Debug\link.15052-cvtres.read.1.tlog
E:\LeVanSon\training JetDrive\Win32\Win32Exc\W32T1\Debug\link.15052-cvtres.write.1.tlog
E:\LeVanSon\training JetDrive\Win32\Win32Exc\W32T1\Debug\link.command.1.tlog
E:\LeVanSon\training JetDrive\Win32\Win32Exc\W32T1\Debug\link.read.1.tlog
E:\LeVanSon\training JetDrive\Win32\Win32Exc\W32T1\Debug\link.write.1.tlog
E:\LeVanSon\training JetDrive\Win32\Win32Exc\W32T1\Debug\link-cvtres.read.1.tlog
E:\LeVanSon\training JetDrive\Win32\Win32Exc\W32T1\Debug\link-cvtres.write.1.tlog
E:\LeVanSon\training JetDrive\Win32\Win32Exc\W32T1\Debug\mt.command.1.tlog
E:\LeVanSon\training JetDrive\Win32\Win32Exc\W32T1\Debug\mt.read.1.tlog
E:\LeVanSon\training JetDrive\Win32\Win32Exc\W32T1\Debug\mt.write.1.tlog
E:\LeVanSon\training JetDrive\Win32\Win32Exc\W32T1\Debug\rc.command.1.tlog
E:\LeVanSon\training JetDrive\Win32\Win32Exc\W32T1\Debug\rc.read.1.tlog
E:\LeVanSon\training JetDrive\Win32\Win32Exc\W32T1\Debug\rc.write.1.tlog
E:\LeVanSon\training JetDrive\Win32\Win32Exc\W32T1\Debug\vc100.idb
E:\LEVANSON\TRAINING JETDRIVE\WIN32\WIN32EXC\W32T1\DEBUG\VC100.PDB
E:\LEVANSON\TRAINING JETDRIVE\WIN32\WIN32EXC\W32T1\DEBUG\W32T1.EXE.EMBED.MANIFEST
E:\LEVANSON\TRAINING JETDRIVE\WIN32\WIN32EXC\W32T1\DEBUG\W32T1.EXE.EMBED.MANIFEST.RES
E:\LEVANSON\TRAINING JETDRIVE\WIN32\WIN32EXC\W32T1\DEBUG\W32T1.EXE.INTERMEDIATE.MANIFEST
E:\LEVANSON\TRAINING JETDRIVE\WIN32\WIN32EXC\W32T1\DEBUG\W32T1.OBJ
E:\LeVanSon\training JetDrive\Win32\Win32Exc\W32T1\Debug\W32T1.write.1.tlog
E:\LeVanSon\training JetDrive\Win32\Win32Exc\W32T1\Debug\W32T1_manifest.rc
