Build started 5/31/2021 10:49:35 PM.
     1>Project "E:\LeVanSon\training JetDrive\Win32\Win32Exc\FileHandling\FileHandling\FileHandling.vcxproj" on node 2 (build target(s)).
     1>InitializeBuildStatus:
         Creating "Debug\FileHandling.unsuccessfulbuild" because "AlwaysCreate" was specified.
       ClCompile:
         All outputs are up-to-date.
         All outputs are up-to-date.
         All outputs are up-to-date.
       ManifestResourceCompile:
         All outputs are up-to-date.
       Link:
         C:\Program Files (x86)\Microsoft Visual Studio 10.0\VC\bin\link.exe /ERRORREPORT:PROMPT /OUT:"E:\LeVanSon\training JetDrive\Win32\Win32Exc\ObjectPainter\Debug\FileHandling.dll" /INCREMENTAL /NOLOGO kernel32.lib user32.lib gdi32.lib winspool.lib comdlg32.lib advapi32.lib shell32.lib ole32.lib oleaut32.lib uuid.lib odbc32.lib odbccp32.lib /MANIFEST /ManifestFile:"Debug\FileHandling.dll.intermediate.manifest" /MANIFESTUAC:"level='asInvoker' uiAccess='false'" /DEBUG /PDB:"E:\LeVanSon\training JetDrive\Win32\Win32Exc\ObjectPainter\Debug\FileHandling.pdb" /SUBSYSTEM:WINDOWS /TLBID:1 /DYNAMICBASE /NXCOMPAT /IMPLIB:"E:\LeVanSon\training JetDrive\Win32\Win32Exc\ObjectPainter\Debug\FileHandling.lib" /MACHINE:X86 /DLL Debug\FileHandling.dll.embed.manifest.res
         Debug\dllmain.obj
         Debug\FileHandling.obj
         Debug\stdafx.obj
            Creating library E:\LeVanSon\training JetDrive\Win32\Win32Exc\ObjectPainter\Debug\FileHandling.lib and object E:\LeVanSon\training JetDrive\Win32\Win32Exc\ObjectPainter\Debug\FileHandling.exp
       Manifest:
         C:\Program Files (x86)\Microsoft SDKs\Windows\v7.0A\bin\mt.exe /nologo /verbose /out:"Debug\FileHandling.dll.embed.manifest" /manifest Debug\FileHandling.dll.intermediate.manifest
         All outputs are up-to-date.
       LinkEmbedManifest:
         All outputs are up-to-date.
         FileHandling.vcxproj -> E:\LeVanSon\training JetDrive\Win32\Win32Exc\ObjectPainter\Debug\FileHandling.dll
       FinalizeBuildStatus:
         Deleting file "Debug\FileHandling.unsuccessfulbuild".
         Touching "Debug\FileHandling.lastbuildstate".
     1>Done Building Project "E:\LeVanSon\training JetDrive\Win32\Win32Exc\FileHandling\FileHandling\FileHandling.vcxproj" (build target(s)).

Build succeeded.

Time Elapsed 00:00:00.69
