E:\LeVanSon\training JetDrive\Win32\Win32Exc\FileHandling\FileHandling\Debug\cl.command.1.tlog
E:\LeVanSon\training JetDrive\Win32\Win32Exc\FileHandling\FileHandling\Debug\CL.read.1.tlog
E:\LeVanSon\training JetDrive\Win32\Win32Exc\FileHandling\FileHandling\Debug\CL.write.1.tlog
E:\LEVANSON\TRAINING JETDRIVE\WIN32\WIN32EXC\FILEHANDLING\FILEHANDLING\DEBUG\DLLMAIN.OBJ
E:\LEVANSON\TRAINING JETDRIVE\WIN32\WIN32EXC\FILEHANDLING\FILEHANDLING\DEBUG\FILEHANDLING.DLL.EMBED.MANIFEST
E:\LEVANSON\TRAINING JETDRIVE\WIN32\WIN32EXC\FILEHANDLING\FILEHANDLING\DEBUG\FILEHANDLING.DLL.EMBED.MANIFEST.RES
E:\LEVANSON\TRAINING JETDRIVE\WIN32\WIN32EXC\FILEHANDLING\FILEHANDLING\DEBUG\FILEHANDLING.DLL.INTERMEDIATE.MANIFEST
E:\LEVANSON\TRAINING JETDRIVE\WIN32\WIN32EXC\FILEHANDLING\FILEHANDLING\DEBUG\FILEHANDLING.OBJ
E:\LEVANSON\TRAINING JETDRIVE\WIN32\WIN32EXC\FILEHANDLING\FILEHANDLING\DEBUG\FILEHANDLING.PCH
E:\LeVanSon\training JetDrive\Win32\Win32Exc\FileHandling\FileHandling\Debug\FileHandling.vcxprojResolveAssemblyReference.cache
E:\LeVanSon\training JetDrive\Win32\Win32Exc\FileHandling\FileHandling\Debug\FileHandling.write.1.tlog
E:\LeVanSon\training JetDrive\Win32\Win32Exc\FileHandling\FileHandling\Debug\FileHandling_manifest.rc
E:\LeVanSon\training JetDrive\Win32\Win32Exc\FileHandling\FileHandling\Debug\link.10828.read.1.tlog
E:\LeVanSon\training JetDrive\Win32\Win32Exc\FileHandling\FileHandling\Debug\link.10828.write.1.tlog
E:\LeVanSon\training JetDrive\Win32\Win32Exc\FileHandling\FileHandling\Debug\link.10828-cvtres.read.1.tlog
E:\LeVanSon\training JetDrive\Win32\Win32Exc\FileHandling\FileHandling\Debug\link.10828-cvtres.write.1.tlog
E:\LeVanSon\training JetDrive\Win32\Win32Exc\FileHandling\FileHandling\Debug\link.11464.read.1.tlog
E:\LeVanSon\training JetDrive\Win32\Win32Exc\FileHandling\FileHandling\Debug\link.11464.write.1.tlog
E:\LeVanSon\training JetDrive\Win32\Win32Exc\FileHandling\FileHandling\Debug\link.11464-cvtres.read.1.tlog
E:\LeVanSon\training JetDrive\Win32\Win32Exc\FileHandling\FileHandling\Debug\link.11464-cvtres.write.1.tlog
E:\LeVanSon\training JetDrive\Win32\Win32Exc\FileHandling\FileHandling\Debug\link.15160.read.1.tlog
E:\LeVanSon\training JetDrive\Win32\Win32Exc\FileHandling\FileHandling\Debug\link.15160.write.1.tlog
E:\LeVanSon\training JetDrive\Win32\Win32Exc\FileHandling\FileHandling\Debug\link.15160-cvtres.read.1.tlog
E:\LeVanSon\training JetDrive\Win32\Win32Exc\FileHandling\FileHandling\Debug\link.15160-cvtres.write.1.tlog
E:\LeVanSon\training JetDrive\Win32\Win32Exc\FileHandling\FileHandling\Debug\link.2740.read.1.tlog
E:\LeVanSon\training JetDrive\Win32\Win32Exc\FileHandling\FileHandling\Debug\link.2740.write.1.tlog
E:\LeVanSon\training JetDrive\Win32\Win32Exc\FileHandling\FileHandling\Debug\link.2740-cvtres.read.1.tlog
E:\LeVanSon\training JetDrive\Win32\Win32Exc\FileHandling\FileHandling\Debug\link.2740-cvtres.write.1.tlog
E:\LeVanSon\training JetDrive\Win32\Win32Exc\FileHandling\FileHandling\Debug\link.command.1.tlog
E:\LeVanSon\training JetDrive\Win32\Win32Exc\FileHandling\FileHandling\Debug\link.read.1.tlog
E:\LeVanSon\training JetDrive\Win32\Win32Exc\FileHandling\FileHandling\Debug\link.write.1.tlog
E:\LeVanSon\training JetDrive\Win32\Win32Exc\FileHandling\FileHandling\Debug\link-cvtres.read.1.tlog
E:\LeVanSon\training JetDrive\Win32\Win32Exc\FileHandling\FileHandling\Debug\link-cvtres.write.1.tlog
E:\LeVanSon\training JetDrive\Win32\Win32Exc\FileHandling\FileHandling\Debug\mt.command.1.tlog
E:\LeVanSon\training JetDrive\Win32\Win32Exc\FileHandling\FileHandling\Debug\mt.read.1.tlog
E:\LeVanSon\training JetDrive\Win32\Win32Exc\FileHandling\FileHandling\Debug\mt.write.1.tlog
E:\LeVanSon\training JetDrive\Win32\Win32Exc\FileHandling\FileHandling\Debug\rc.command.1.tlog
E:\LeVanSon\training JetDrive\Win32\Win32Exc\FileHandling\FileHandling\Debug\rc.read.1.tlog
E:\LeVanSon\training JetDrive\Win32\Win32Exc\FileHandling\FileHandling\Debug\rc.write.1.tlog
E:\LEVANSON\TRAINING JETDRIVE\WIN32\WIN32EXC\FILEHANDLING\FILEHANDLING\DEBUG\STDAFX.OBJ
E:\LeVanSon\training JetDrive\Win32\Win32Exc\FileHandling\FileHandling\Debug\vc100.idb
E:\LEVANSON\TRAINING JETDRIVE\WIN32\WIN32EXC\FILEHANDLING\FILEHANDLING\DEBUG\VC100.PDB
E:\LEVANSON\TRAINING JETDRIVE\WIN32\WIN32EXC\OBJECTPAINTER\DEBUG\FILEHANDLING.DLL
E:\LeVanSon\training JetDrive\Win32\Win32Exc\ObjectPainter\Debug\FileHandling.exp
E:\LEVANSON\TRAINING JETDRIVE\WIN32\WIN32EXC\OBJECTPAINTER\DEBUG\FILEHANDLING.ILK
E:\LeVanSon\training JetDrive\Win32\Win32Exc\ObjectPainter\Debug\FileHandling.lib
E:\LEVANSON\TRAINING JETDRIVE\WIN32\WIN32EXC\OBJECTPAINTER\DEBUG\FILEHANDLING.PDB
